Информация: CustomCategory:role_sets: 17 mini seconds publishing element
Информация: CustomCategory:analyst: 11 mini seconds publishing element
Информация: RoleSet:analysts: 8 mini seconds publishing element
Информация: Role:rup_system_analyst: 113 mini seconds publishing element
Информация: Role:rup_stakeholder: 75 mini seconds publishing element
Информация: Role:rup_requirement_specifier: 124 mini seconds publishing element
Информация: CustomCategory:analyst_disciplines: 9 mini seconds publishing element
Информация: Discipline:rup_requirements_discipline: 14 mini seconds publishing element
Информация: Task:prioritize_use_cases: 33 mini seconds publishing element
Информация: Task:elicit_stakeholder_requests: 26 mini seconds publishing element
Информация: Task:find_actors_and_use_cases: 29 mini seconds publishing element
Информация: Task:review_requirements: 49 mini seconds publishing element
Информация: Task:develop_vision: 25 mini seconds publishing element
Информация: Task:develop_supplementary_specification: 27 mini seconds publishing element
Информация: Task:develop_rm_plan: 18 mini seconds publishing element
Информация: Task:structure_use_case_model: 22 mini seconds publishing element
Информация: Task:capture_common_vocabulary: 26 mini seconds publishing element
Информация: Task:detail_a_use_case: 34 mini seconds publishing element
Информация: Task:detail_software_requirements: 28 mini seconds publishing element
Информация: Task:manage_dependencies: 34 mini seconds publishing element
Информация: Guideline:important_decisions_in_requirements: 25 mini seconds publishing element
Информация: Whitepaper:applying_requirements_management_with_use_cases: 12 mini seconds publishing element
Информация: CustomCategory:analyst_work_products: 9 mini seconds publishing element
Информация: Domain:requirements: 21 mini seconds publishing element
Информация: Artifact:rup_requirements_attributes: 20 mini seconds publishing element
Информация: Artifact:rup_vision: 30 mini seconds publishing element
Информация: Artifact:rup_glossary: 15 mini seconds publishing element
Информация: Artifact:rup_supplementary_specification: 19 mini seconds publishing element
Информация: Artifact:rup_stakeholder_requests: 16 mini seconds publishing element
Информация: Artifact:rup_usecase_model: 34 mini seconds publishing element
Информация: Artifact:rup_requirements_management_plan: 20 mini seconds publishing element
Информация: Artifact:rup_storyboard: 14 mini seconds publishing element
Информация: Artifact:rup_software_requirements_specification: 17 mini seconds publishing element
Информация: Artifact:rup_software_requirement: 18 mini seconds publishing element
Информация: Artifact:rup_change_request: 22 mini seconds publishing element
Информация: CustomCategory:general: 11 mini seconds publishing element
Информация: RoleSet:general_roles: 7 mini seconds publishing element
Информация: Role:rup_any_role: 28 mini seconds publishing element
Информация: CustomCategory:general_tasks: 9 mini seconds publishing element
Информация: Task:submit_change_request: 15 mini seconds publishing element
Информация: Task:update_change_request: 13 mini seconds publishing element
Информация: Task:review_the_design: 36 mini seconds publishing element
Информация: Task:create_development_workspace: 11 mini seconds publishing element
Информация: Task:update_workspace: 14 mini seconds publishing element
Информация: CustomCategory:general_work_products: 11 mini seconds publishing element
Информация: Artifact:rup_project_repository: 13 mini seconds publishing element
Информация: Artifact:rup_workspace: 15 mini seconds publishing element
Информация: CustomCategory:production_and_support: 11 mini seconds publishing element
Информация: RoleSet:production_support: 8 mini seconds publishing element
Информация: Role:rup_system_administrator: 22 mini seconds publishing element
Информация: Role:rup_graphic_artist: 20 mini seconds publishing element
Информация: Role:rup_process_engineer: 70 mini seconds publishing element
Информация: Role:rup_course_developer: 20 mini seconds publishing element
Информация: Role:rup_tool_specialist: 24 mini seconds publishing element
Информация: Role:rup_technical_writer: 25 mini seconds publishing element
Информация: CustomCategory:p_and_s_disciplines: 9 mini seconds publishing element
Информация: Discipline:rup_deployment_discipline: 13 mini seconds publishing element
Информация: Task:release_to_manufacturing: 15 mini seconds publishing element
Информация: Task:write_release_notes: 13 mini seconds publishing element
Информация: Task:provide_access_to_dl_site: 17 mini seconds publishing element
Информация: Task:verify_manufactured_product: 15 mini seconds publishing element
Информация: Task:develop_end_user_support_materials: 15 mini seconds publishing element
Информация: Task:develop_deployment_plans: 32 mini seconds publishing element
Информация: Task:develop_installation_artifacts: 15 mini seconds publishing element
Информация: Task:develop_training_materials: 22 mini seconds publishing element
Информация: Task:create_product_artwork: 11 mini seconds publishing element
Информация: Task:define_bill_of_materials: 20 mini seconds publishing element
Информация: Guideline:important_decisions_in_deployment: 10 mini seconds publishing element
Информация: Discipline:rup_environment_discipline: 9 mini seconds publishing element
Информация: Task:select_and_acquire_tool: 32 mini seconds publishing element
Информация: Task:launch_development_process: 18 mini seconds publishing element
Информация: Task:setup_tools: 15 mini seconds publishing element
Информация: Task:tailor_process_for_project: 52 mini seconds publishing element
Информация: Task:prepare_project_specific_guidelines: 24 mini seconds publishing element
Информация: Task:develop_manual_styleguide: 16 mini seconds publishing element
Информация: Task:prepare_project_specific_templates: 18 mini seconds publishing element
Информация: Task:verify_tool_config_installation: 14 mini seconds publishing element
Информация: Task:develop_development_case: 32 mini seconds publishing element
Информация: Task:support_development: 11 mini seconds publishing element
Информация: Guideline:important_decisions_in_environment: 9 mini seconds publishing element
Информация: Concept:implementing_a_process_in_a_project: 71 mini seconds publishing element
Информация: Concept:environment_practices: 15 mini seconds publishing element
Информация: Concept:development_environment: 24 mini seconds publishing element
Информация: CustomCategory:p_and_s_work_products: 12 mini seconds publishing element
Информация: Domain:deployment: 11 mini seconds publishing element
Информация: Artifact:rup_support_material: 15 mini seconds publishing element
Информация: Artifact:rup_product: 18 mini seconds publishing element
Информация: Artifact:rup_manual_styleguide: 11 mini seconds publishing element
Информация: Artifact:rup_development_infrastructure: 15 mini seconds publishing element
Информация: Artifact:rup_tools: 13 mini seconds publishing element
Информация: CustomCategory:developer: 11 mini seconds publishing element
Информация: RoleSet:developers: 8 mini seconds publishing element
Информация: Role:rup_integrator: 36 mini seconds publishing element
Информация: Role:rup_designer: 57 mini seconds publishing element
Информация: Role:rup_database_designer: 56 mini seconds publishing element
Информация: Role:rup_user_interface_designer: 27 mini seconds publishing element
Информация: Role:rup_capsule_designer: 49 mini seconds publishing element
Информация: Role:rup_implementer: 43 mini seconds publishing element
Информация: CustomCategory:developer_disciplines: 10 mini seconds publishing element
Информация: Discipline:rup_analysis_design_discipline: 11 mini seconds publishing element
Информация: Task:operation_analysis: 28 mini seconds publishing element
Информация: Task:use_case_analysis: 49 mini seconds publishing element
Информация: Task:incorporate_design_elements: 33 mini seconds publishing element
Информация: Task:define_system_context: 23 mini seconds publishing element
Информация: Task:identify_design_mechanisms: 32 mini seconds publishing element
Информация: Task:identify_design_elements: 43 mini seconds publishing element
Информация: Task:database_design: 44 mini seconds publishing element
Информация: Task:design_user_interface: 30 mini seconds publishing element
Информация: Task:capsule_design: 29 mini seconds publishing element
Информация: Task:class_design: 71 mini seconds publishing element
Информация: Task:design_testability_elements: 18 mini seconds publishing element
Информация: Task:operation_design: 17 mini seconds publishing element
Информация: Task:subsystem_design: 47 mini seconds publishing element
Информация: Task:use_case_design: 70 mini seconds publishing element
Информация: Task:prototype_user_interface: 21 mini seconds publishing element
Информация: Concept:system_architecture: 12 mini seconds publishing element
Информация: Whitepaper:developing_large-scale_systems_with_the_rational_unified_process: 10 mini seconds publishing element
Информация: Discipline:rup_implementation_discipline: 43 mini seconds publishing element
Информация: Task:analyze_runtime_behavior: 21 mini seconds publishing element
Информация: Task:perform_developer_test: 18 mini seconds publishing element
Информация: Task:integrate_subsystem: 17 mini seconds publishing element
Информация: Task:integrate_system: 16 mini seconds publishing element
Информация: Task:plan_subsystem_integration: 23 mini seconds publishing element
Информация: Task:plan_system_integration: 20 mini seconds publishing element
Информация: Task:review_code: 21 mini seconds publishing element
Информация: Task:implement_testability_elements: 17 mini seconds publishing element
Информация: Task:implement_developer_test: 21 mini seconds publishing element
Информация: Task:structure_implementation_model: 35 mini seconds publishing element
Информация: Task:implement_component: 24 mini seconds publishing element
Информация: Guideline:important_decisions_in_implementation: 19 mini seconds publishing element
Информация: Concept:mapping_from_design_to_code: 11 mini seconds publishing element
Информация: CustomCategory:developer_work_products: 10 mini seconds publishing element
Информация: Domain:analysis_and_design: 13 mini seconds publishing element
Информация: Artifact:rup_analysis_model: 22 mini seconds publishing element
Информация: Artifact:rup_data_model: 20 mini seconds publishing element
Информация: Artifact:rup_user_interface_prototype: 12 mini seconds publishing element
Информация: Artifact:rup_navmap: 14 mini seconds publishing element
Информация: Domain:implementation: 11 mini seconds publishing element
Информация: Artifact:rup_build: 15 mini seconds publishing element
Информация: Artifact:rup_implementation_model: 21 mini seconds publishing element
Информация: Artifact:rup_integration_build_plan: 13 mini seconds publishing element
Информация: Artifact:rup_developer_test: 12 mini seconds publishing element
Информация: CustomCategory:manager: 9 mini seconds publishing element
Информация: RoleSet:managers: 7 mini seconds publishing element
Информация: Role:rup_configuration_manager: 37 mini seconds publishing element
Информация: Role:rup_deployment_manager: 32 mini seconds publishing element
Информация: Role:rup_change_manager: 27 mini seconds publishing element
Информация: Role:rup_project_manager: 71 mini seconds publishing element
Информация: CustomCategory:manager_disciplines: 10 mini seconds publishing element
Информация: Discipline:rup_config_and_change_manage_discipline: 14 mini seconds publishing element
Информация: Task:make_changes_to_configuration_items: 12 mini seconds publishing element
Информация: Task:deliver_changes: 21 mini seconds publishing element
Информация: Task:perform_configuration_audit: 16 mini seconds publishing element
Информация: Task:write_cm_plan: 16 mini seconds publishing element
Информация: Task:setup_cm_environment: 25 mini seconds publishing element
Информация: Task:confirm_duplicate_or_rejected_cr: 14 mini seconds publishing element
Информация: Task:review_change_request: 22 mini seconds publishing element
Информация: Task:verify_changes_in_release_build: 15 mini seconds publishing element
Информация: Task:promote_baseline: 16 mini seconds publishing element
Информация: Task:establish_project_change_control_process: 38 mini seconds publishing element
Информация: Task:establish_project_cm_policies: 33 mini seconds publishing element
Информация: Task:create_integration_workspace: 14 mini seconds publishing element
Информация: Task:create_deployment_unit: 20 mini seconds publishing element
Информация: Task:create_baseline: 15 mini seconds publishing element
Информация: Task:report_on_configuration_status: 13 mini seconds publishing element
Информация: SupportingMaterial:manage_change: 22 mini seconds publishing element
Информация: Guideline:important_decisions_in_configuration_change_management: 10 mini seconds publishing element
Информация: Concept:workspaces: 11 mini seconds publishing element
Информация: Concept:baselining: 9 mini seconds publishing element
Информация: Concept:unified_change_management_ucm: 8 mini seconds publishing element
Информация: Concept:configuration_and_change_request_management: 9 mini seconds publishing element
Информация: Discipline:rup_project_management_discipline: 48 mini seconds publishing element
Информация: Task:compile_software_development_plan: 29 mini seconds publishing element
Информация: Task:monitor_project_status: 36 mini seconds publishing element
Информация: Task:initiate_iteration: 14 mini seconds publishing element
Информация: Task:initiate_project: 13 mini seconds publishing element
Информация: Task:handle_exceptions_and_problems: 21 mini seconds publishing element
Информация: Task:identify_and_assess_risks: 26 mini seconds publishing element
Информация: Task:define_monitoring_and_control_processes: 18 mini seconds publishing element
Информация: Task:schedule_and_assign_work: 22 mini seconds publishing element
Информация: Task:plan_phases_and_iterations: 47 mini seconds publishing element
Информация: Task:prepare_for_project_closeout: 28 mini seconds publishing element
Информация: Task:prepare_for_phase_closeout: 63 mini seconds publishing element
Информация: Task:acquire_staff: 16 mini seconds publishing element
Информация: Task:project_acceptance_review: 13 mini seconds publishing element
Информация: Task:iteration_acceptance_review: 13 mini seconds publishing element
Информация: Task:lifecycle_milestone_review: 31 mini seconds publishing element
Информация: Task:iteration_evaluation_criteria_review: 13 mini seconds publishing element
Информация: Task:iteration_plan_review: 15 mini seconds publishing element
Информация: Task:project_planning_review: 15 mini seconds publishing element
Информация: Task:pra_project_review: 9 mini seconds publishing element
Информация: Task:develop_measurement_plan: 23 mini seconds publishing element
Информация: Task:develop_iteration_plan: 39 mini seconds publishing element
Информация: Task:develop_qa_plan: 20 mini seconds publishing element
Информация: Task:develop_product_acceptance_plan: 18 mini seconds publishing element
Информация: Task:develop_risk_management_plan: 15 mini seconds publishing element
Информация: Task:develop_problem_resolution_plan: 17 mini seconds publishing element
Информация: Task:develop_business_case: 20 mini seconds publishing element
Информация: Task:project_approval_review: 17 mini seconds publishing element
Информация: Task:define_project_organization_and_staffing: 17 mini seconds publishing element
Информация: Guideline:important_decisions_in_project_management: 25 mini seconds publishing element
Информация: Concept:risk: 10 mini seconds publishing element
Информация: CustomCategory:manager_work_products: 15 mini seconds publishing element
Информация: Domain:configuration_&_change_management: 13 mini seconds publishing element
Информация: Artifact:rup_cm_plan: 16 mini seconds publishing element
Информация: Artifact:rup_configuration_audit_findings: 11 mini seconds publishing element
Информация: Domain:environment: 10 mini seconds publishing element
Информация: Artifact:rup_development_organization_assessment: 10 mini seconds publishing element
Информация: Artifact:rup_development_process: 21 mini seconds publishing element
Информация: Domain:project_management: 17 mini seconds publishing element
Информация: Artifact:rup_iteration_plan: 20 mini seconds publishing element
Информация: Artifact:rup_deployment_plan: 12 mini seconds publishing element
Информация: Artifact:rup_project_plan: 31 mini seconds publishing element
Информация: Artifact:rup_project_measurements: 17 mini seconds publishing element
Информация: Artifact:rup_work_order: 19 mini seconds publishing element
Информация: Artifact:rup_issues_list: 20 mini seconds publishing element
Информация: Artifact:rup_risk_list: 15 mini seconds publishing element
Информация: Artifact:rup_business_case: 52 mini seconds publishing element
Информация: CustomCategory:getting_started: 10 mini seconds publishing element
Информация: CustomCategory:conceptual_road_maps: 11 mini seconds publishing element
Информация: Concept:tailoring_rup: 213 mini seconds publishing element
Информация: Concept:tailoring_a_process_for_a_small_project: 24 mini seconds publishing element
Информация: CustomCategory:team: 12 mini seconds publishing element
Информация: RoleSetGrouping:rup_role_sets: 12 mini seconds publishing element
Информация: CustomCategory:disciplines: 9 mini seconds publishing element
Информация: CustomCategory:work_products: 10 mini seconds publishing element
Информация: Domain:rup_domains: 8 mini seconds publishing element
Информация: CustomCategory:work_product_kinds: 10 mini seconds publishing element
Информация: WorkProductType:project_data: 15 mini seconds publishing element
Информация: WorkProductType:infrastructure: 11 mini seconds publishing element
Информация: WorkProductType:concept: 14 mini seconds publishing element
Информация: WorkProductType:model: 20 mini seconds publishing element
Информация: WorkProductType:assessment: 15 mini seconds publishing element
Информация: WorkProductType:plan: 19 mini seconds publishing element
Информация: Artifact:rup_measurement_plan: 24 mini seconds publishing element
Информация: Artifact:rup_quality_assurance_plan: 25 mini seconds publishing element
Информация: Artifact:rup_product_acceptance_plan: 22 mini seconds publishing element
Информация: Artifact:rup_risk_management_plan: 13 mini seconds publishing element
Информация: Artifact:rup_problem_resolution_plan: 12 mini seconds publishing element
Информация: WorkProductType:process: 16 mini seconds publishing element
Информация: Artifact:rup_development_case: 16 mini seconds publishing element
Информация: Artifact:rup_project_specific_guidelines: 20 mini seconds publishing element
Информация: Artifact:rup_project_specific_templates: 14 mini seconds publishing element
Информация: WorkProductType:solution: 23 mini seconds publishing element
Информация: Artifact:rup_installation_artifacts: 14 mini seconds publishing element
Информация: Artifact:rup_deployment_unit: 12 mini seconds publishing element
Информация: Artifact:rup_product_artwork: 12 mini seconds publishing element
Информация: Artifact:rup_stub: 16 mini seconds publishing element
Информация: Artifact:rup_bill_of_materials: 13 mini seconds publishing element
Информация: Artifact:rup_release_notes: 11 mini seconds publishing element
Информация: Artifact:rup_training_materials: 13 mini seconds publishing element
Информация: Artifact:rup_test_component: 15 mini seconds publishing element
Информация: Artifact:rup_implementation_element: 14 mini seconds publishing element
Информация: WorkProductType:specification: 16 mini seconds publishing element
Информация: WorkProductType:model_element: 26 mini seconds publishing element
Информация: Artifact:rup_usecase: 20 mini seconds publishing element
Информация: Artifact:rup_interface: 15 mini seconds publishing element
Информация: Artifact:rup_capsule: 33 mini seconds publishing element
Информация: Artifact:rup_analysis_class: 19 mini seconds publishing element
Информация: Artifact:rup_test_class: 14 mini seconds publishing element
Информация: Artifact:rup_operation: 13 mini seconds publishing element
Информация: Artifact:rup_usecase_package: 13 mini seconds publishing element
Информация: Artifact:rup_implementation_subsystem: 20 mini seconds publishing element
Информация: Artifact:rup_design_class: 18 mini seconds publishing element
Информация: Artifact:rup_design_package: 15 mini seconds publishing element
Информация: Artifact:rup_design_subsystem: 24 mini seconds publishing element
Информация: Artifact:rup_protocol: 22 mini seconds publishing element
Информация: Artifact:rup_operation_realization: 13 mini seconds publishing element
Информация: Artifact:rup_use_case_realization: 16 mini seconds publishing element
Информация: Artifact:rup_signal: 13 mini seconds publishing element
Информация: Artifact:rup_event: 12 mini seconds publishing element
Информация: Artifact:rup_actor: 19 mini seconds publishing element
Информация: CustomCategory:guidance: 16 mini seconds publishing element
Информация: CustomCategory:g_concepts: 17 mini seconds publishing element
Информация: Concept:runtime_observation_analysis: 9 mini seconds publishing element
Информация: Concept:use_case_flowdown: 9 mini seconds publishing element
Информация: Concept:supplementary_reqs_flowdown: 11 mini seconds publishing element
Информация: Concept:stubs: 14 mini seconds publishing element
Информация: Concept:supporting_tools: 51 mini seconds publishing element
Информация: Concept:software_integration: 8 mini seconds publishing element
Информация: Concept:process_quality: 30 mini seconds publishing element
Информация: Concept:build: 8 mini seconds publishing element
Информация: Concept:conceptual_data_modeling: 75 mini seconds publishing element
Информация: Concept:mentoring: 9 mini seconds publishing element
Информация: Concept:locality: 14 mini seconds publishing element
Информация: Concept:promotion_method: 8 mini seconds publishing element
Информация: Concept:design_and_implementation_mechanisms: 46 mini seconds publishing element
Информация: Concept:normalization: 10 mini seconds publishing element
Информация: Concept:configuration_status_reporting: 11 mini seconds publishing element
Информация: Concept:estimating_project_effort: 11 mini seconds publishing element
Информация: Concept:pilot_project: 14 mini seconds publishing element
Информация: Concept:use-case_view: 34 mini seconds publishing element
Информация: Concept:developer_testing: 22 mini seconds publishing element
Информация: Concept:derived_requirements: 12 mini seconds publishing element
Информация: Concept:development_and_integration_workspaces: 15 mini seconds publishing element
Информация: Concept:test-first_design: 23 mini seconds publishing element
Информация: Concept:relational_databases_and_object_orientation: 20 mini seconds publishing element
Информация: Concept:events_and_signals: 15 mini seconds publishing element
Информация: Concept:representing_graphical_user-interfaces: 13 mini seconds publishing element
Информация: Concept:component_specification: 13 mini seconds publishing element
Информация: Concept:product_directory_structure: 128 mini seconds publishing element
Информация: Concept:usability_testing: 10 mini seconds publishing element
Информация: Concept:types_of_requirements: 29 mini seconds publishing element
Информация: Concept:traceability: 36 mini seconds publishing element
Информация: Concept:requirements: 22 mini seconds publishing element
Информация: Concept:change_request_management: 23 mini seconds publishing element
Информация: Concept:requirements_management: 31 mini seconds publishing element
Информация: Concept:effect_of_implementing_a_process: 8 mini seconds publishing element
Информация: CustomCategory:g_guidelines: 18 mini seconds publishing element
Информация: Guideline:aggregation: 20 mini seconds publishing element
Информация: Guideline:rup_tailoring: 13 mini seconds publishing element
Информация: Guideline:association: 22 mini seconds publishing element
Информация: Guideline:subscribe-association: 17 mini seconds publishing element
Информация: Guideline:communicate-association: 19 mini seconds publishing element
Информация: Guideline:use_case: 25 mini seconds publishing element
Информация: Guideline:use-case_diagram: 10 mini seconds publishing element
Информация: Guideline:activity_diagram_in_the_use-case_model: 12 mini seconds publishing element
Информация: Guideline:class_diagram: 10 mini seconds publishing element
Информация: Guideline:statechart_diagram: 25 mini seconds publishing element
Информация: Guideline:sequence_diagram: 16 mini seconds publishing element
Информация: Guideline:communication_diagram: 16 mini seconds publishing element
Информация: Guideline:component_diagram: 10 mini seconds publishing element
Информация: Guideline:pareto_diagrams: 10 mini seconds publishing element
Информация: Guideline:fishbone_diagrams: 9 mini seconds publishing element
Информация: Guideline:manifest_dependency: 16 mini seconds publishing element
Информация: Guideline:import_dependency_in_design: 9 mini seconds publishing element
Информация: Guideline:import_dependency_in_implementation: 13 mini seconds publishing element
Информация: Guideline:interviews: 10 mini seconds publishing element
Информация: Guideline:interface: 13 mini seconds publishing element
Информация: Guideline:capsule: 25 mini seconds publishing element
Информация: Guideline:analysis_class: 22 mini seconds publishing element
Информация: Guideline:classifying_work_products: 19 mini seconds publishing element
Информация: Guideline:compilation_dependency_in_implementation: 11 mini seconds publishing element
Информация: Guideline:building_web_applications_with_the_uml: 15 mini seconds publishing element
Информация: Guideline:data_model: 75 mini seconds publishing element
Информация: Guideline:use-case_model: 25 mini seconds publishing element
Информация: Guideline:implementation_model: 13 mini seconds publishing element
Информация: Guideline:brainstorming_and_idea_reduction: 8 mini seconds publishing element
Информация: Guideline:generalization: 21 mini seconds publishing element
Информация: Guideline:use-case_generalization: 17 mini seconds publishing element
Информация: Guideline:reverse-engineering_relational_databases: 36 mini seconds publishing element
Информация: Guideline:process_discriminants: 14 mini seconds publishing element
Информация: Guideline:include-relationship: 17 mini seconds publishing element
Информация: Guideline:extend-relationship: 18 mini seconds publishing element
Информация: Guideline:estimating_effort_using_the_wide-band_delphi_technique: 21 mini seconds publishing element
Информация: Guideline:use-case_package: 9 mini seconds publishing element
Информация: Guideline:iteration_plan: 15 mini seconds publishing element
Информация: Guideline:deployment_plan: 18 mini seconds publishing element
Информация: Guideline:software_development_plan: 31 mini seconds publishing element
Информация: Guideline:requirements_management_plan: 22 mini seconds publishing element
Информация: Guideline:implementation_subsystem: 16 mini seconds publishing element
Информация: Guideline:metrics: 43 mini seconds publishing element
Информация: Guideline:user_interface_general: 20 mini seconds publishing element
Информация: Guideline:process_tailoring_practices: 10 mini seconds publishing element
Информация: Guideline:use-case-analysis_workshop: 11 mini seconds publishing element
Информация: Guideline:use-case_workshop: 26 mini seconds publishing element
Информация: Guideline:development_process_workshop: 9 mini seconds publishing element
Информация: Guideline:design_class: 35 mini seconds publishing element
Информация: Guideline:design_package: 27 mini seconds publishing element
Информация: Guideline:design_subsystem: 36 mini seconds publishing element
Информация: Guideline:forward-engineering_relational_databases: 22 mini seconds publishing element
Информация: Guideline:assessment_workshop: 12 mini seconds publishing element
Информация: Guideline:storyboard: 11 mini seconds publishing element
Информация: Guideline:storyboarding: 8 mini seconds publishing element
Информация: Guideline:use-case_realization: 16 mini seconds publishing element
Информация: Guideline:review_existing_requirements: 7 mini seconds publishing element
Информация: Guideline:role_playing: 8 mini seconds publishing element
Информация: Guideline:requirements_workshop: 11 mini seconds publishing element
Информация: Guideline:software_requirements_specification: 28 mini seconds publishing element
Информация: Guideline:risk_list: 13 mini seconds publishing element
Информация: Guideline:actor: 18 mini seconds publishing element
Информация: Guideline:actor-generalization: 11 mini seconds publishing element
Информация: Guideline:unit_test: 15 mini seconds publishing element
Информация: Guideline:testing_and_evaluating_classes: 32 mini seconds publishing element
Информация: Guideline:testing_and_evaluating_components: 32 mini seconds publishing element
Информация: Guideline:test_case: 41 mini seconds publishing element
Информация: Guideline:business_case: 10 mini seconds publishing element
Информация: Guideline:implementation_element: 15 mini seconds publishing element
Информация: CustomCategory:g_supporting_materials: 12 mini seconds publishing element
Информация: SupportingMaterial:develop_iteratively: 17 mini seconds publishing element
Информация: SupportingMaterial:manage_requirements: 9 mini seconds publishing element
Информация: CustomCategory:g_white_papers: 10 mini seconds publishing element
Информация: Whitepaper:the_estimation_of_effort_based_on_use_cases: 11 mini seconds publishing element
Информация: Whitepaper:rup_xp_guidelines_pair_programming: 9 mini seconds publishing element
Информация: Whitepaper:rup_xp_guidelines_test-first_design_and_refactoring: 11 mini seconds publishing element
Информация: Whitepaper:traceability_strategies_for_managing_requirements_with_use_cases: 9 mini seconds publishing element
Информация: CustomCategory:g_checklists: 9 mini seconds publishing element
Информация: Checklist:requirements_attributes: 13 mini seconds publishing element
Информация: Checklist:use_case: 47 mini seconds publishing element
Информация: Checklist:vision: 13 mini seconds publishing element
Информация: Checklist:glossary: 11 mini seconds publishing element
Информация: Checklist:supplementary_specifications: 13 mini seconds publishing element
Информация: Checklist:stakeholder_requests: 11 mini seconds publishing element
Информация: Checklist:capsule: 14 mini seconds publishing element
Информация: Checklist:data_model: 12 mini seconds publishing element
Информация: Checklist:use-case_model: 12 mini seconds publishing element
Информация: Checklist:design_subsystem: 14 mini seconds publishing element
Информация: Checklist:protocol: 13 mini seconds publishing element
Информация: Checklist:use-case_realization: 14 mini seconds publishing element
Информация: Checklist:signal: 11 mini seconds publishing element
Информация: Checklist:software_requirements_specification: 13 mini seconds publishing element
Информация: Checklist:actor: 12 mini seconds publishing element
Информация: CustomCategory:g_examples: 8 mini seconds publishing element
Информация: Example:a_small_project_adopts_rup: 22 mini seconds publishing element
Информация: CapabilityPattern:analysis_design_discipline: 68 mini seconds publishing process specific layout data
Информация: CapabilityPattern:implementation: 87 mini seconds publishing process specific layout data
Информация: CapabilityPattern:test: 62 mini seconds publishing process specific layout data
Информация: CapabilityPattern:project_management: 111 mini seconds publishing process specific layout data
Информация: Checklist:analysis_class: 15 mini seconds publishing element
Информация: Checklist:design_class: 14 mini seconds publishing element
Информация: Checklist:design_package: 12 mini seconds publishing element
Информация: Checklist:implementation_model: 11 mini seconds publishing element
Информация: CapabilityPattern:configuration_change_management: 51 mini seconds publishing process specific layout data
Информация: TermDefinition:design_package: 28 mini seconds publishing element
Информация: CapabilityPattern:requirements: 106 mini seconds publishing process specific layout data
Информация: TermDefinition:design_mechanism: 17 mini seconds publishing element
Информация: TermDefinition:design_pattern: 6 mini seconds publishing element
Информация: TermDefinition:design_subsystem: 14 mini seconds publishing element
Информация: TermDefinition:design_model: 17 mini seconds publishing element
Информация: : Publishing time: 0 minutes 24 seconds
