Предупреждение: Tool:rup_suite_analyst_studio: Пустая категория материалов не опубликована.
Предупреждение: Tool:rup_clearcase: Пустая категория материалов не опубликована.
Предупреждение: Tool:rup_clearquest: Пустая категория материалов не опубликована.
Предупреждение: Tool:rup_requisite_pro: Пустая категория материалов не опубликована.
Предупреждение: Tool:rup_rose_classic: Пустая категория материалов не опубликована.
Предупреждение: Tool:rup_soda: Пустая категория материалов не опубликована.
Предупреждение: Tool:rup_xde: Пустая категория материалов не опубликована.
Предупреждение: Tool:rup_rational_unified_process: Пустая категория материалов не опубликована.
Предупреждение: CustomCategory:analyst_tool_mentors: Пустая категория материалов не опубликована.
Предупреждение: CustomCategory:additional_resources: Пустая категория материалов не опубликована.
Предупреждение: RoleSet:testers: Пустая категория материалов не опубликована.
Предупреждение: Discipline:rup_test_discipline: Пустая категория материалов не опубликована.
Предупреждение: CustomCategory:test_disciplines: Пустая категория материалов не опубликована.
Предупреждение: Domain:test: Пустая категория материалов не опубликована.
Предупреждение: CustomCategory:test_work_products: Пустая категория материалов не опубликована.
Предупреждение: Tool:rup_purifyplus: Пустая категория материалов не опубликована.
Предупреждение: Tool:rup_robot: Пустая категория материалов не опубликована.
Предупреждение: Tool:rup_test_factory: Пустая категория материалов не опубликована.
Предупреждение: Tool:rup_test_manager_tool: Пустая категория материалов не опубликована.
Предупреждение: Tool:rup_test_realtime: Пустая категория материалов не опубликована.
Предупреждение: CustomCategory:test_tool_mentors: Пустая категория материалов не опубликована.
Предупреждение: CustomCategory:tester: Пустая категория материалов не опубликована.
Предупреждение: CustomCategory:general_tool_mentors: Пустая категория материалов не опубликована.
Предупреждение: Tool:rup_administrator: Пустая категория материалов не опубликована.
Предупреждение: Tool:rup_project_console: Пустая категория материалов не опубликована.
Предупреждение: Tool:rup_quality_architect: Пустая категория материалов не опубликована.
Предупреждение: Tool:rup_rose_rt: Пустая категория материалов не опубликована.
Предупреждение: CustomCategory:p_and_s_tool_mentors: Пустая категория материалов не опубликована.
Предупреждение: CustomCategory:developer_tool_mentors: Пустая категория материалов не опубликована.
Предупреждение: Tool:rup_rational_method_composer: Пустая категория материалов не опубликована.
Предупреждение: CustomCategory:manager_tool_mentors: Пустая категория материалов не опубликована.
Предупреждение: CustomCategory:key_business_driven_development_principles: Пустая категория материалов не опубликована.
Предупреждение: CustomCategory:work_product: Пустая категория материалов не опубликована.
Предупреждение: CustomCategory:categories: Пустая категория материалов не опубликована.
Предупреждение: CustomCategory:method_concepts: Пустая категория материалов не опубликована.
Предупреждение: CustomCategory:guidance: Пустая категория материалов не опубликована.
Предупреждение: CustomCategory:process_concepts: Пустая категория материалов не опубликована.
Предупреждение: CustomCategory:method_package: Пустая категория материалов не опубликована.
Предупреждение: CustomCategory:organizational_concepts: Пустая категория материалов не опубликована.
Предупреждение: CustomCategory:method_architecture_fundamentals: Пустая категория материалов не опубликована.
Предупреждение: CustomCategory:supporting_process_with_tools: Пустая категория материалов не опубликована.
Предупреждение: CustomCategory:uml_basics: Пустая категория материалов не опубликована.
Предупреждение: CustomCategory:references: Пустая категория материалов не опубликована.
Предупреждение: CustomCategory:inception: Пустая категория материалов не опубликована.
Предупреждение: CustomCategory:elaboration: Пустая категория материалов не опубликована.
Предупреждение: CustomCategory:construction: Пустая категория материалов не опубликована.
Предупреждение: CustomCategory:transition: Пустая категория материалов не опубликована.
Предупреждение: CustomCategory:rup_lifecycle: Пустая категория материалов не опубликована.
Предупреждение: CustomCategory:delivery_processes: Пустая категория материалов не опубликована.
Предупреждение: CustomCategory:g_templates: Пустая категория материалов не опубликована.
Предупреждение: CustomCategory:g_reports: Пустая категория материалов не опубликована.
Предупреждение: Tool:rup_rational_application_developer: Пустая категория материалов не опубликована.
Предупреждение: Tool:rup_rational_software_architect: Пустая категория материалов не опубликована.
Предупреждение: CustomCategory:g_tool_mentors: Пустая категория материалов не опубликована.
Предупреждение: CustomCategory:whats_new: Пустая категория материалов не опубликована.
Предупреждение: CustomCategory:about: Пустая категория материалов не опубликована.
Предупреждение: Role:rup_system_analyst: Отсутствует связанный элемент Role:rup_test_manager
Предупреждение: Role:rup_stakeholder: Отсутствует связанный элемент Role:rup_test_analyst
Предупреждение: Role:rup_stakeholder: Отсутствует связанный элемент Role:rup_tester
Предупреждение: Role:rup_stakeholder: Отсутствует связанный элемент Role:rup_test_analyst
Предупреждение: Role:rup_stakeholder: Отсутствует связанный элемент Role:rup_tester
Предупреждение: Role:rup_requirement_specifier: Отсутствует связанный элемент Role:rup_test_analyst
Предупреждение: Task:prioritize_use_cases: Отсутствует связанный элемент Artifact:rup_software_architecture_document
Предупреждение: Task:prioritize_use_cases: Отсутствует связанный элемент Checklist:software_architecture_document
Предупреждение: Task:review_requirements: Отсутствует связанный элемент Role:rup_technical_reviewer
Предупреждение: Task:review_requirements: Отсутствует связанный элемент Role:rup_test_designer
Предупреждение: Task:review_requirements: Отсутствует связанный элемент Role:rup_software_architect
Предупреждение: Task:review_requirements: Отсутствует связанный элемент Artifact:rup_review_record
Предупреждение: Guideline:important_decisions_in_requirements: Отсутствует связанный элемент Guideline:reviews
Предупреждение: Guideline:important_decisions_in_requirements: Отсутствует связанный элемент Guideline:review_levels
Предупреждение: Artifact:rup_vision: Отсутствует связанный элемент TermDefinition:feature
Предупреждение: Artifact:rup_vision: Отсутствует связанный элемент ToolMentor:develop_vision_tm
Предупреждение: Artifact:rup_usecase_model: Отсутствует связанный элемент CapabilityPattern:analysis_design_discipline
Предупреждение: Artifact:rup_usecase_model: Отсутствует связанный элемент CapabilityPattern:implementation
Предупреждение: Artifact:rup_usecase_model: Отсутствует связанный элемент CapabilityPattern:test
Предупреждение: Artifact:rup_change_request: Отсутствует связанный элемент Role:rup_test_analyst
Предупреждение: Task:review_the_design: Отсутствует связанный элемент Role:rup_software_architect
Предупреждение: Task:review_the_design: Отсутствует связанный элемент Artifact:rup_design_model
Предупреждение: Task:review_the_design: Отсутствует связанный элемент Artifact:rup_review_record
Предупреждение: Task:provide_access_to_dl_site: Отсутствует связанный элемент Task:manage_beta_test
Предупреждение: Task:develop_deployment_plans: Отсутствует связанный элемент Task:manage_acceptance_test
Предупреждение: Task:develop_deployment_plans: Отсутствует связанный элемент Activity:provide_access_to_download_site
Предупреждение: Task:develop_deployment_plans: Отсутствует связанный элемент Task:manage_acceptance_test
Предупреждение: Task:develop_deployment_plans: Отсутствует связанный элемент Activity:provide_access_to_download_site
Предупреждение: Task:tailor_process_for_project: Отсутствует связанный элемент Concept:introduction_to_uma
Предупреждение: Task:tailor_process_for_project: Отсутствует связанный элемент Concept:role
Предупреждение: Task:tailor_process_for_project: Отсутствует связанный элемент Concept:task
Предупреждение: Task:tailor_process_for_project: Отсутствует связанный элемент Concept:work_product
Предупреждение: Task:tailor_process_for_project: Отсутствует связанный элемент Concept:iteration
Предупреждение: Task:develop_development_case: Отсутствует связанный элемент Guideline:review_levels
Предупреждение: Task:develop_development_case: Отсутствует связанный элемент Concept:phase
Предупреждение: Task:develop_development_case: Отсутствует связанный элемент Concept:iteration
Предупреждение: Concept:implementing_a_process_in_a_project: Отсутствует связанный элемент Activity:conceive_new_project
Предупреждение: Concept:implementing_a_process_in_a_project: Отсутствует связанный элемент Activity:evaluate_project_scope_and_risk
Предупреждение: Concept:implementing_a_process_in_a_project: Отсутствует связанный элемент Activity:plan_the_project
Предупреждение: Concept:implementing_a_process_in_a_project: Отсутствует связанный элемент Activity:plan_for_next_iteration
Предупреждение: Concept:implementing_a_process_in_a_project: Отсутствует связанный элемент Activity:manage_iteration
Предупреждение: Concept:implementing_a_process_in_a_project: Отсутствует связанный элемент Artifact:rup_iteration_assessment
Предупреждение: Concept:implementing_a_process_in_a_project: Отсутствует связанный элемент Artifact:rup_status_assessment
Предупреждение: Concept:implementing_a_process_in_a_project: Отсутствует связанный элемент Activity:monitor_control_project
Предупреждение: Concept:implementing_a_process_in_a_project: Отсутствует связанный элемент Activity:evaluate_project_scope_and_risk
Предупреждение: Concept:implementing_a_process_in_a_project: Отсутствует связанный элемент Activity:define_evaluation_mission
Предупреждение: Concept:implementing_a_process_in_a_project: Отсутствует связанный элемент Artifact:rup_test_strategy
Предупреждение: Concept:implementing_a_process_in_a_project: Отсутствует связанный элемент Activity:verify_test_approach
Предупреждение: Concept:implementing_a_process_in_a_project: Отсутствует связанный элемент Artifact:rup_architectural_proof_of_concept
Предупреждение: Concept:implementing_a_process_in_a_project: Отсутствует связанный элемент Activity:prepare_environment_for_project
Предупреждение: Concept:implementing_a_process_in_a_project: Отсутствует связанный элемент Activity:prepare_environment_for_an_iteration
Предупреждение: Concept:implementing_a_process_in_a_project: Отсутствует связанный элемент Activity:support_environment_during_an_iteration
Предупреждение: Concept:environment_practices: Отсутствует связанный элемент CapabilityPattern:project_management
Предупреждение: Concept:development_environment: Отсутствует связанный элемент Artifact:rup_test_plan
Предупреждение: Concept:development_environment: Отсутствует связанный элемент Artifact:rup_test_evaluation_summary
Предупреждение: Concept:development_environment: Отсутствует связанный элемент Artifact:rup_test_environment_configuration
Предупреждение: Task:use_case_analysis: Отсутствует связанный элемент Role:rup_software_architect
Предупреждение: Task:use_case_analysis: Отсутствует связанный элемент Task:architectural_analysis
Предупреждение: Task:use_case_analysis: Отсутствует связанный элемент Role:rup_software_architect
Предупреждение: Task:incorporate_design_elements: Отсутствует связанный элемент Guideline:layering
Предупреждение: Task:incorporate_design_elements: Отсутствует связанный элемент Artifact:rup_software_architecture_document
Предупреждение: Task:incorporate_design_elements: Отсутствует связанный элемент Artifact:rup_software_architecture_document
Предупреждение: Task:identify_design_mechanisms: Отсутствует связанный элемент Artifact:rup_software_architecture_document
Предупреждение: Task:identify_design_mechanisms: Отсутствует связанный элемент Artifact:rup_design_model
Предупреждение: Task:identify_design_elements: Отсутствует связанный элемент Guideline:design_model
Предупреждение: Task:identify_design_elements: Отсутствует связанный элемент Concept:structured_class
Предупреждение: Task:identify_design_elements: Отсутствует связанный элемент SupportingMaterial:differences_between_uml_1_x_and_uml_2_0
Предупреждение: Task:database_design: Отсутствует связанный элемент Artifact:rup_design_model
Предупреждение: Task:database_design: Отсутствует связанный элемент Artifact:rup_design_model
Предупреждение: Task:database_design: Отсутствует связанный элемент Artifact:rup_design_model
Предупреждение: Task:capsule_design: Отсутствует связанный элемент Concept:structured_class
Предупреждение: Task:capsule_design: Отсутствует связанный элемент SupportingMaterial:differences_between_uml_1_x_and_uml_2_0
Предупреждение: Task:class_design: Отсутствует связанный элемент Role:rup_software_architect
Предупреждение: Task:class_design: Отсутствует связанный элемент TermDefinition:structured_class
Предупреждение: Task:class_design: Отсутствует связанный элемент Concept:structured_class
Предупреждение: Task:class_design: Отсутствует связанный элемент Concept:analysis_mechanisms
Предупреждение: Task:class_design: Отсутствует связанный элемент Checklist:design_model
Предупреждение: Task:subsystem_design: Отсутствует связанный элемент SupportingMaterial:differences_between_uml_1_x_and_uml_2_0
Предупреждение: Task:subsystem_design: Отсутствует связанный элемент TermDefinition:structured_class
Предупреждение: Task:subsystem_design: Отсутствует связанный элемент Concept:structured_class
Предупреждение: Task:use_case_design: Отсутствует связанный элемент SupportingMaterial:differences_between_uml_1_x_and_uml_2_0
Предупреждение: Task:use_case_design: Отсутствует связанный элемент Task:architectural_analysis
Предупреждение: Task:use_case_design: Отсутствует связанный элемент Artifact:rup_software_architecture_document
Предупреждение: Task:use_case_design: Отсутствует связанный элемент Concept:component
Предупреждение: Task:use_case_design: Отсутствует связанный элемент Artifact:rup_design_model
Предупреждение: Task:use_case_design: Отсутствует связанный элемент Checklist:design_model
Предупреждение: Task:analyze_runtime_behavior: Отсутствует связанный элемент TermDefinition:stub
Предупреждение: Task:review_code: Отсутствует связанный элемент Guideline:reviews
Предупреждение: Task:review_code: Отсутствует связанный элемент Artifact:rup_review_record
Предупреждение: Task:structure_implementation_model: Отсутствует связанный элемент Artifact:rup_deployment_model
Предупреждение: Task:structure_implementation_model: Отсутствует связанный элемент Artifact:rup_software_architecture_document
Предупреждение: Guideline:important_decisions_in_implementation: Отсутствует связанный элемент Artifact:rup_test_plan
Предупреждение: Guideline:important_decisions_in_implementation: Отсутствует связанный элемент Guideline:review_levels
Предупреждение: Artifact:rup_analysis_model: Отсутствует связанный элемент Artifact:rup_design_model
Предупреждение: Artifact:rup_data_model: Отсутствует связанный элемент Artifact:rup_design_model
Предупреждение: Task:deliver_changes: Отсутствует связанный элемент Guideline:reviews
Предупреждение: Task:establish_project_change_control_process: Отсутствует связанный элемент ToolMentor:submit_change_request_form
Предупреждение: Task:establish_project_change_control_process: Отсутствует связанный элемент ToolMentor:establish_cr_process
Предупреждение: Task:establish_project_change_control_process: Отсутствует связанный элемент ToolMentor:define_change_review_notifications
Предупреждение: Task:establish_project_cm_policies: Отсутствует связанный элемент ToolMentor:creating_baselines
Предупреждение: Task:establish_project_cm_policies: Отсутствует связанный элемент ToolMentor:view_defect_history
Предупреждение: Task:establish_project_cm_policies: Отсутствует связанный элемент ToolMentor:view_history_of_requirement
Предупреждение: SupportingMaterial:manage_change: Отсутствует связанный элемент CapabilityPattern:configuration_change_management
Предупреждение: SupportingMaterial:manage_change: Отсутствует связанный элемент Activity:manage_change_requests
Предупреждение: SupportingMaterial:manage_change: Отсутствует связанный элемент Activity:manage_baselines_releases
Предупреждение: Task:monitor_project_status: Отсутствует связанный элемент Artifact:rup_review_record
Предупреждение: Task:monitor_project_status: Отсутствует связанный элемент TermDefinition:timeboxing
Предупреждение: Task:monitor_project_status: Отсутствует связанный элемент Artifact:rup_status_assessment
Предупреждение: Task:handle_exceptions_and_problems: Отсутствует связанный элемент TermDefinition:timeboxing
Предупреждение: Task:identify_and_assess_risks: Отсутствует связанный элемент Task:assess_iteration
Предупреждение: Task:plan_phases_and_iterations: Отсутствует связанный элемент Concept:lifecycle_objectives
Предупреждение: Task:plan_phases_and_iterations: Отсутствует связанный элемент Concept:lifecycle_architecture
Предупреждение: Task:plan_phases_and_iterations: Отсутствует связанный элемент Concept:initial_operational_capability
Предупреждение: Task:plan_phases_and_iterations: Отсутствует связанный элемент Concept:product_release
Предупреждение: Task:plan_phases_and_iterations: Отсутствует связанный элемент Concept:iteration
Предупреждение: Task:plan_phases_and_iterations: Отсутствует связанный элемент Concept:delivery_process
Предупреждение: Task:prepare_for_project_closeout: Отсутствует связанный элемент Artifact:rup_status_assessment
Предупреждение: Task:prepare_for_project_closeout: Отсутствует связанный элемент Artifact:rup_iteration_assessment
Предупреждение: Task:prepare_for_project_closeout: Отсутствует связанный элемент Artifact:rup_status_assessment
Предупреждение: Task:prepare_for_phase_closeout: Отсутствует связанный элемент Concept:product_release
Предупреждение: Task:prepare_for_phase_closeout: Отсутствует связанный элемент Task:assess_iteration
Предупреждение: Task:prepare_for_phase_closeout: Отсутствует связанный элемент Artifact:rup_iteration_assessment
Предупреждение: Task:prepare_for_phase_closeout: Отсутствует связанный элемент Concept:lifecycle_objectives
Предупреждение: Task:prepare_for_phase_closeout: Отсутствует связанный элемент Concept:lifecycle_architecture
Предупреждение: Task:prepare_for_phase_closeout: Отсутствует связанный элемент Concept:initial_operational_capability
Предупреждение: Task:prepare_for_phase_closeout: Отсутствует связанный элемент Concept:product_release
Предупреждение: Task:prepare_for_phase_closeout: Отсутствует связанный элемент Artifact:rup_iteration_assessment
Предупреждение: Task:prepare_for_phase_closeout: Отсутствует связанный элемент Artifact:rup_iteration_assessment
Предупреждение: Task:prepare_for_phase_closeout: Отсутствует связанный элемент Artifact:rup_status_assessment
Предупреждение: Task:prepare_for_phase_closeout: Отсутствует связанный элемент Concept:lifecycle_objectives
Предупреждение: Task:prepare_for_phase_closeout: Отсутствует связанный элемент Concept:lifecycle_architecture
Предупреждение: Task:prepare_for_phase_closeout: Отсутствует связанный элемент Concept:initial_operational_capability
Предупреждение: Task:prepare_for_phase_closeout: Отсутствует связанный элемент Concept:product_release
Предупреждение: Task:lifecycle_milestone_review: Отсутствует связанный элемент Concept:lifecycle_objectives
Предупреждение: Task:lifecycle_milestone_review: Отсутствует связанный элемент Concept:lifecycle_architecture
Предупреждение: Task:lifecycle_milestone_review: Отсутствует связанный элемент Concept:initial_operational_capability
Предупреждение: Task:lifecycle_milestone_review: Отсутствует связанный элемент Concept:product_release
Предупреждение: Task:lifecycle_milestone_review: Отсутствует связанный элемент Artifact:rup_status_assessment
Предупреждение: Task:develop_iteration_plan: Отсутствует связанный элемент Concept:phase
Предупреждение: Task:develop_iteration_plan: Отсутствует связанный элемент TermDefinition:timeboxing
Предупреждение: Task:develop_iteration_plan: Отсутствует связанный элемент Artifact:rup_software_architecture_document
Предупреждение: Task:develop_iteration_plan: Отсутствует связанный элемент Role:rup_software_architect
Предупреждение: Task:develop_iteration_plan: Отсутствует связанный элемент Concept:delivery_process
Предупреждение: Task:develop_problem_resolution_plan: Отсутствует связанный элемент Artifact:rup_status_assessment
Предупреждение: Guideline:important_decisions_in_project_management: Отсутствует связанный элемент Artifact:rup_iteration_assessment
Предупреждение: Guideline:important_decisions_in_project_management: Отсутствует связанный элемент Artifact:rup_review_record
Предупреждение: Guideline:important_decisions_in_project_management: Отсутствует связанный элемент Artifact:rup_status_assessment
Предупреждение: Artifact:rup_project_measurements: Отсутствует связанный элемент Artifact:rup_status_assessment
Предупреждение: Artifact:rup_work_order: Отсутствует связанный элемент ToolMentor:establish_cr_process
Предупреждение: Artifact:rup_issues_list: Отсутствует связанный элемент Artifact:rup_status_assessment
Предупреждение: Concept:tailoring_rup: Отсутствует связанный элемент TermDefinition:green-field_development
Предупреждение: Concept:tailoring_rup: Отсутствует связанный элемент SupportingMaterial:introduction_to_rup
Предупреждение: Concept:tailoring_rup: Отсутствует связанный элемент Concept:configuration
Предупреждение: Concept:tailoring_rup: Отсутствует связанный элемент Concept:method_plugin
Предупреждение: Concept:tailoring_rup: Отсутствует связанный элемент Concept:concept
Предупреждение: Concept:tailoring_rup: Отсутствует связанный элемент Concept:guideline
Предупреждение: Concept:tailoring_rup: Отсутствует связанный элемент Concept:template
Предупреждение: Concept:tailoring_rup: Отсутствует связанный элемент Concept:example
Предупреждение: Concept:tailoring_rup: Отсутствует связанный элемент Concept:tool_mentor
Предупреждение: Concept:tailoring_rup: Отсутствует связанный элемент Concept:capability_pattern
Предупреждение: Concept:tailoring_rup: Отсутствует связанный элемент Concept:delivery_process
Предупреждение: Concept:tailoring_rup: Отсутствует связанный элемент Concept:delivery_process
Предупреждение: Concept:tailoring_rup: Отсутствует связанный элемент Concept:capability_pattern
Предупреждение: Concept:tailoring_rup: Отсутствует связанный элемент Concept:delivery_process
Предупреждение: Concept:tailoring_rup: Отсутствует связанный элемент Concept:task
Предупреждение: Concept:tailoring_rup: Отсутствует связанный элемент Concept:work_product
Предупреждение: Concept:tailoring_rup: Отсутствует связанный элемент Concept:role
Предупреждение: Concept:tailoring_rup: Отсутствует связанный элемент Concept:role
Предупреждение: Concept:tailoring_rup: Отсутствует связанный элемент Concept:task
Предупреждение: Concept:tailoring_rup: Отсутствует связанный элемент Concept:work_product
Предупреждение: Concept:tailoring_rup: Отсутствует связанный элемент Concept:capability_pattern
Предупреждение: Concept:tailoring_rup: Отсутствует связанный элемент Concept:delivery_process
Предупреждение: Concept:tailoring_rup: Отсутствует связанный элемент Concept:delivery_process
Предупреждение: Concept:tailoring_rup: Отсутствует связанный элемент ToolMentor:exporting_processes_rmc
Предупреждение: Concept:tailoring_rup: Отсутствует связанный элемент ToolMentor:personalizing_rup
Предупреждение: Concept:tailoring_rup: Отсутствует связанный элемент Concept:configuration
Предупреждение: Concept:tailoring_rup: Отсутствует связанный элемент ToolMentor:creating_method_configuration_rmc
Предупреждение: Concept:tailoring_rup: Отсутствует связанный элемент Concept:delivery_process
Предупреждение: Concept:tailoring_rup: Отсутствует связанный элемент ToolMentor:publishing_method_configuration_rmc
Предупреждение: Concept:tailoring_rup: Отсутствует связанный элемент ToolMentor:exporting_processes_rmc
Предупреждение: Concept:tailoring_rup: Отсутствует связанный элемент Concept:method_plugin
Предупреждение: Concept:tailoring_rup: Отсутствует связанный элемент ToolMentor:creating_method_plugin_rmc
Предупреждение: Concept:tailoring_rup: Отсутствует связанный элемент ToolMentor:developing_method_content_rmc
Предупреждение: Concept:tailoring_rup: Отсутствует связанный элемент Concept:configuration
Предупреждение: Concept:tailoring_rup: Отсутствует связанный элемент ToolMentor:creating_method_configuration_rmc
Предупреждение: Concept:tailoring_rup: Отсутствует связанный элемент Concept:delivery_process
Предупреждение: Concept:tailoring_rup: Отсутствует связанный элемент ToolMentor:publishing_method_configuration_rmc
Предупреждение: Concept:tailoring_rup: Отсутствует связанный элемент ToolMentor:exporting_processes_rmc
Предупреждение: Concept:tailoring_rup: Отсутствует связанный элемент Concept:delivery_process
Предупреждение: Concept:tailoring_rup: Отсутствует связанный элемент Concept:method_plugin
Предупреждение: Concept:tailoring_rup: Отсутствует связанный элемент ToolMentor:creating_method_plugin_rmc
Предупреждение: Concept:tailoring_rup: Отсутствует связанный элемент Concept:configuration
Предупреждение: Concept:tailoring_rup: Отсутствует связанный элемент ToolMentor:creating_method_configuration_rmc
Предупреждение: Concept:tailoring_rup: Отсутствует связанный элемент Concept:capability_pattern
Предупреждение: Concept:tailoring_rup: Отсутствует связанный элемент ToolMentor:developing_processes_rmc
Предупреждение: Concept:tailoring_rup: Отсутствует связанный элемент ToolMentor:creating_method_plugin_rmc
Предупреждение: Concept:tailoring_rup: Отсутствует связанный элемент ToolMentor:developing_method_content_rmc
Предупреждение: Concept:tailoring_rup: Отсутствует связанный элемент ToolMentor:publishing_method_configuration_rmc
Предупреждение: Concept:tailoring_rup: Отсутствует связанный элемент ToolMentor:exporting_processes_rmc
Предупреждение: Concept:tailoring_rup: Отсутствует связанный элемент Concept:role
Предупреждение: Concept:tailoring_rup: Отсутствует связанный элемент Concept:task
Предупреждение: Concept:tailoring_rup: Отсутствует связанный элемент Concept:work_product
Предупреждение: Concept:tailoring_rup: Отсутствует связанный элемент Concept:method_plugin
Предупреждение: Concept:tailoring_rup: Отсутствует связанный элемент ToolMentor:creating_method_plugin_rmc
Предупреждение: Concept:tailoring_rup: Отсутствует связанный элемент Concept:configuration
Предупреждение: Concept:tailoring_rup: Отсутствует связанный элемент ToolMentor:creating_method_configuration_rmc
Предупреждение: Concept:tailoring_rup: Отсутствует связанный элемент Concept:delivery_process
Предупреждение: Concept:tailoring_rup: Отсутствует связанный элемент Concept:capability_pattern
Предупреждение: Concept:tailoring_rup: Отсутствует связанный элемент ToolMentor:developing_processes_rmc
Предупреждение: Concept:tailoring_rup: Отсутствует связанный элемент ToolMentor:publishing_method_configuration_rmc
Предупреждение: Concept:tailoring_rup: Отсутствует связанный элемент ToolMentor:exporting_processes_rmc
Предупреждение: Concept:tailoring_a_process_for_a_small_project: Отсутствует связанный элемент SupportingMaterial:introduction_to_rup
Предупреждение: Concept:tailoring_a_process_for_a_small_project: Отсутствует связанный элемент SupportingMaterial:process_essentials
Предупреждение: Concept:tailoring_a_process_for_a_small_project: Отсутствует связанный элемент Concept:agile_practices_and_rup
Предупреждение: Concept:tailoring_a_process_for_a_small_project: Отсутствует связанный элемент Whitepaper:using_the_rup_for_small_projects_expanding_upon_extreme_programming
Предупреждение: RoleSetGrouping:rup_role_sets: Отсутствует связанный элемент Concept:role_set
Предупреждение: Artifact:rup_measurement_plan: Отсутствует связанный элемент Concept:metrics
Предупреждение: Artifact:rup_measurement_plan: Отсутствует связанный элемент Artifact:rup_status_assessment
Предупреждение: Artifact:rup_quality_assurance_plan: Отсутствует связанный элемент Artifact:rup_test_plan
Предупреждение: Artifact:rup_capsule: Отсутствует связанный элемент Concept:structured_class
Предупреждение: Artifact:rup_capsule: Отсутствует связанный элемент SupportingMaterial:differences_between_uml_1_x_and_uml_2_0
Предупреждение: Artifact:rup_implementation_subsystem: Отсутствует связанный элемент TermDefinition:implementation_view
Предупреждение: Artifact:rup_design_subsystem: Отсутствует связанный элемент Concept:component
Предупреждение: Artifact:rup_design_subsystem: Отсутствует связанный элемент SupportingMaterial:differences_between_uml_1_x_and_uml_2_0
Предупреждение: Artifact:rup_protocol: Отсутствует связанный элемент Concept:structured_class
Предупреждение: Artifact:rup_protocol: Отсутствует связанный элемент SupportingMaterial:differences_between_uml_1_x_and_uml_2_0
Предупреждение: Concept:supporting_tools: Отсутствует связанный элемент CapabilityPattern:requirements
Предупреждение: Concept:supporting_tools: Отсутствует связанный элемент CapabilityPattern:requirements
Предупреждение: Concept:supporting_tools: Отсутствует связанный элемент CapabilityPattern:analysis_design_discipline
Предупреждение: Concept:supporting_tools: Отсутствует связанный элемент CapabilityPattern:implementation
Предупреждение: Concept:supporting_tools: Отсутствует связанный элемент CapabilityPattern:test
Предупреждение: Concept:supporting_tools: Отсутствует связанный элемент CapabilityPattern:test
Предупреждение: Concept:supporting_tools: Отсутствует связанный элемент CapabilityPattern:configuration_change_management
Предупреждение: Concept:supporting_tools: Отсутствует связанный элемент CapabilityPattern:configuration_change_management
Предупреждение: Concept:supporting_tools: Отсутствует связанный элемент CapabilityPattern:project_management
Предупреждение: Concept:supporting_tools: Отсутствует связанный элемент CapabilityPattern:implementation
Предупреждение: Concept:supporting_tools: Отсутствует связанный элемент CapabilityPattern:implementation
Предупреждение: Concept:process_quality: Отсутствует связанный элемент Concept:task
Предупреждение: Concept:process_quality: Отсутствует связанный элемент Concept:task
Предупреждение: Concept:process_quality: Отсутствует связанный элемент Concept:work_product
Предупреждение: Concept:process_quality: Отсутствует связанный элемент Concept:focus_continuously_quality
Предупреждение: Concept:process_quality: Отсутствует связанный элемент Concept:measuring_quality
Предупреждение: Concept:process_quality: Отсутствует связанный элемент Concept:product_quality
Предупреждение: Concept:design_and_implementation_mechanisms: Отсутствует связанный элемент TermDefinition:analysis_mechanism
Предупреждение: Concept:design_and_implementation_mechanisms: Отсутствует связанный элемент Concept:analysis_mechanisms
Предупреждение: Concept:design_and_implementation_mechanisms: Отсутствует связанный элемент TermDefinition:architectural_pattern
Предупреждение: Concept:design_and_implementation_mechanisms: Отсутствует связанный элемент TermDefinition:implementation_mechanism
Предупреждение: Concept:design_and_implementation_mechanisms: Отсутствует связанный элемент TermDefinition:idiom
Предупреждение: Concept:design_and_implementation_mechanisms: Отсутствует связанный элемент Artifact:rup_software_architecture_document
Предупреждение: Concept:design_and_implementation_mechanisms: Отсутствует связанный элемент TermDefinition:architectural_pattern
Предупреждение: Concept:use-case_view: Отсутствует связанный элемент Concept:software_architecture
Предупреждение: Concept:use-case_view: Отсутствует связанный элемент Concept:software_architecture
Предупреждение: Concept:use-case_view: Отсутствует связанный элемент Concept:software_architecture
Предупреждение: Concept:use-case_view: Отсутствует связанный элемент Concept:logical_view
Предупреждение: Concept:use-case_view: Отсутствует связанный элемент Concept:process_view
Предупреждение: Concept:use-case_view: Отсутствует связанный элемент Concept:deployment_view
Предупреждение: Concept:use-case_view: Отсутствует связанный элемент Concept:implementation_view
Предупреждение: Concept:use-case_view: Отсутствует связанный элемент Artifact:rup_software_architecture_document
Предупреждение: Concept:developer_testing: Отсутствует связанный элемент Guideline:maintaining_automated_test_suites
Предупреждение: Concept:developer_testing: Отсутствует связанный элемент Concept:test-ideas_list
Предупреждение: Concept:test-first_design: Отсутствует связанный элемент Guideline:test_ideas_for_statechart_and_flow_diagrams
Предупреждение: Concept:product_directory_structure: Отсутствует связанный элемент Report:use-case_model_survey
Предупреждение: Concept:product_directory_structure: Отсутствует связанный элемент Report:use_case_specification_use-case_name
Предупреждение: Concept:product_directory_structure: Отсутствует связанный элемент Artifact:rup_design_model
Предупреждение: Concept:product_directory_structure: Отсутствует связанный элемент Artifact:rup_workload_analysis_model
Предупреждение: Concept:product_directory_structure: Отсутствует связанный элемент Artifact:rup_software_architecture_document
Предупреждение: Concept:product_directory_structure: Отсутствует связанный элемент Report:design-model_survey
Предупреждение: Concept:product_directory_structure: Отсутствует связанный элемент Artifact:rup_test_plan
Предупреждение: Concept:product_directory_structure: Отсутствует связанный элемент Artifact:rup_test_suite
Предупреждение: Concept:product_directory_structure: Отсутствует связанный элемент Artifact:rup_test_case
Предупреждение: Concept:product_directory_structure: Отсутствует связанный элемент Artifact:rup_test_script
Предупреждение: Concept:product_directory_structure: Отсутствует связанный элемент Artifact:rup_test_data
Предупреждение: Concept:product_directory_structure: Отсутствует связанный элемент Artifact:rup_test_results
Предупреждение: Concept:product_directory_structure: Отсутствует связанный элемент Artifact:rup_iteration_assessment
Предупреждение: Concept:product_directory_structure: Отсутствует связанный элемент Artifact:rup_status_assessment
Предупреждение: Concept:product_directory_structure: Отсутствует связанный элемент Report:use-case_model_survey
Предупреждение: Concept:product_directory_structure: Отсутствует связанный элемент Report:use_case_specification_use-case_name
Предупреждение: Concept:product_directory_structure: Отсутствует связанный элемент Artifact:rup_design_model
Предупреждение: Concept:product_directory_structure: Отсутствует связанный элемент Artifact:rup_workload_analysis_model
Предупреждение: Concept:product_directory_structure: Отсутствует связанный элемент Artifact:rup_software_architecture_document
Предупреждение: Concept:product_directory_structure: Отсутствует связанный элемент Report:design-model_survey
Предупреждение: Concept:product_directory_structure: Отсутствует связанный элемент Report:use-case_realization_use-case_name
Предупреждение: Concept:product_directory_structure: Отсутствует связанный элемент Artifact:rup_test_plan
Предупреждение: Concept:product_directory_structure: Отсутствует связанный элемент Artifact:rup_test_suite
Предупреждение: Concept:product_directory_structure: Отсутствует связанный элемент Artifact:rup_test_case
Предупреждение: Concept:product_directory_structure: Отсутствует связанный элемент Artifact:rup_test_script
Предупреждение: Concept:product_directory_structure: Отсутствует связанный элемент Artifact:rup_test_results
Предупреждение: Concept:product_directory_structure: Отсутствует связанный элемент Artifact:rup_test_data
Предупреждение: Concept:product_directory_structure: Отсутствует связанный элемент Artifact:rup_test_script
Предупреждение: Concept:product_directory_structure: Отсутствует связанный элемент Guideline:test_data
Предупреждение: Concept:product_directory_structure: Отсутствует связанный элемент Artifact:rup_test_results
Предупреждение: Concept:types_of_requirements: Отсутствует связанный элемент Artifact:rup_test_suite
Предупреждение: Concept:types_of_requirements: Отсутствует связанный элемент Artifact:rup_design_model
Предупреждение: Concept:traceability: Отсутствует связанный элемент TermDefinition:requirements
Предупреждение: Concept:traceability: Отсутствует связанный элемент TermDefinition:traceability_item
Предупреждение: Concept:traceability: Отсутствует связанный элемент Artifact:rup_design_model
Предупреждение: Concept:traceability: Отсутствует связанный элемент Artifact:rup_test_suite
Предупреждение: Concept:traceability: Отсутствует связанный элемент Artifact:rup_test_case
Предупреждение: Concept:traceability: Отсутствует связанный элемент Artifact:rup_test_suite
Предупреждение: Concept:traceability: Отсутствует связанный элемент Artifact:rup_design_model
Предупреждение: Concept:traceability: Отсутствует связанный элемент Artifact:rup_supplementary_specification
Предупреждение: Concept:requirements_management: Отсутствует связанный элемент Activity:analyze_the_problem
Предупреждение: Concept:requirements_management: Отсутствует связанный элемент Activity:understand_stakeholder_needs
Предупреждение: Concept:requirements_management: Отсутствует связанный элемент Activity:define_the_system
Предупреждение: Concept:requirements_management: Отсутствует связанный элемент Activity:manage_the_scope_of_the_system
Предупреждение: Concept:requirements_management: Отсутствует связанный элемент Activity:refine_the_system_definition
Предупреждение: Guideline:rup_tailoring: Отсутствует связанный элемент SupportingMaterial:introduction_to_rup
Предупреждение: Guideline:communication_diagram: Отсутствует связанный элемент SupportingMaterial:differences_between_uml_1_x_and_uml_2_0
Предупреждение: Guideline:manifest_dependency: Отсутствует связанный элемент SupportingMaterial:differences_between_uml_1_x_and_uml_2_0
Предупреждение: Guideline:capsule: Отсутствует связанный элемент Concept:structured_class
Предупреждение: Guideline:capsule: Отсутствует связанный элемент SupportingMaterial:differences_between_uml_1_x_and_uml_2_0
Предупреждение: Guideline:classifying_work_products: Отсутствует связанный элемент Guideline:review_levels
Предупреждение: Guideline:building_web_applications_with_the_uml: Отсутствует связанный элемент Whitepaper:modeling_web_application_architectures_with_uml
Предупреждение: Guideline:reverse-engineering_relational_databases: Отсутствует связанный элемент Artifact:rup_design_model
Предупреждение: Guideline:reverse-engineering_relational_databases: Отсутствует связанный элемент Concept:layering
Предупреждение: Guideline:reverse-engineering_relational_databases: Отсутствует связанный элемент Concept:software_architecture
Предупреждение: Guideline:deployment_plan: Отсутствует связанный элемент Artifact:rup_software_architecture_document
Предупреждение: Guideline:deployment_plan: Отсутствует связанный элемент Artifact:rup_software_architecture_document
Предупреждение: Guideline:software_development_plan: Отсутствует связанный элемент Artifact:rup_software_architecture_document
Предупреждение: Guideline:software_development_plan: Отсутствует связанный элемент Artifact:rup_design_model
Предупреждение: Guideline:software_development_plan: Отсутствует связанный элемент Concept:lifecycle_objectives
Предупреждение: Guideline:software_development_plan: Отсутствует связанный элемент Concept:lifecycle_architecture
Предупреждение: Guideline:requirements_management_plan: Отсутствует связанный элемент ToolMentor:baseline_requirements
Предупреждение: Guideline:implementation_subsystem: Отсутствует связанный элемент TermDefinition:implementation_view
Предупреждение: Guideline:metrics: Отсутствует связанный элемент Concept:work_product
Предупреждение: Guideline:metrics: Отсутствует связанный элемент Artifact:rup_design_model
Предупреждение: Guideline:use-case_workshop: Отсутствует связанный элемент CapabilityPattern:analysis_design_discipline
Предупреждение: Guideline:design_class: Отсутствует связанный элемент TermDefinition:structured_class
Предупреждение: Guideline:design_class: Отсутствует связанный элемент Concept:structured_class
Предупреждение: Guideline:design_subsystem: Отсутствует связанный элемент TermDefinition:reception
Предупреждение: Guideline:design_subsystem: Отсутствует связанный элемент TermDefinition:utility
Предупреждение: Guideline:design_subsystem: Отсутствует связанный элемент Concept:component
Предупреждение: Guideline:design_subsystem: Отсутствует связанный элемент SupportingMaterial:differences_between_uml_1_x_and_uml_2_0
Предупреждение: Guideline:forward-engineering_relational_databases: Отсутствует связанный элемент Artifact:rup_design_model
Предупреждение: Guideline:software_requirements_specification: Отсутствует связанный элемент TermDefinition:package
Предупреждение: Guideline:unit_test: Отсутствует связанный элемент Concept:types_of_test
Предупреждение: Guideline:testing_and_evaluating_classes: Отсутствует связанный элемент Concept:test-ideas_catalog
Предупреждение: Guideline:testing_and_evaluating_classes: Отсутствует связанный элемент Concept:test-ideas_list
Предупреждение: Guideline:testing_and_evaluating_classes: Отсутствует связанный элемент Guideline:test_ideas_for_method_calls
Предупреждение: Guideline:testing_and_evaluating_classes: Отсутствует связанный элемент Guideline:test_ideas_for_statechart_and_flow_diagrams
Предупреждение: Guideline:testing_and_evaluating_classes: Отсутствует связанный элемент Guideline:test_ideas_for_booleans_and_boundaries
Предупреждение: Guideline:testing_and_evaluating_classes: Отсутствует связанный элемент Guideline:test_ideas_for_booleans_ands_and_ors
Предупреждение: Guideline:testing_and_evaluating_components: Отсутствует связанный элемент Concept:test-ideas_catalog
Предупреждение: Guideline:testing_and_evaluating_components: Отсутствует связанный элемент Concept:test-ideas_list
Предупреждение: Guideline:testing_and_evaluating_components: Отсутствует связанный элемент Guideline:test_ideas_for_method_calls
Предупреждение: Guideline:testing_and_evaluating_components: Отсутствует связанный элемент Guideline:test_ideas_for_statechart_and_flow_diagrams
Предупреждение: Guideline:testing_and_evaluating_components: Отсутствует связанный элемент Guideline:test_ideas_for_booleans_and_boundaries
Предупреждение: Guideline:testing_and_evaluating_components: Отсутствует связанный элемент Guideline:test_ideas_for_booleans_ands_and_ors
Предупреждение: Guideline:test_case: Отсутствует связанный элемент Concept:test-ideas_list
Предупреждение: Guideline:test_case: Отсутствует связанный элемент Concept:test-ideas_list
Предупреждение: Guideline:test_case: Отсутствует связанный элемент Artifact:rup_workload_analysis_model
Предупреждение: Guideline:test_case: Отсутствует связанный элемент Guideline:test_data
Предупреждение: SupportingMaterial:develop_iteratively: Отсутствует связанный элемент TermDefinition:timeboxing
Предупреждение: Example:a_small_project_adopts_rup: Отсутствует связанный элемент ToolMentor:creating_method_plugin_rmc
Предупреждение: Example:a_small_project_adopts_rup: Отсутствует связанный элемент ToolMentor:developing_method_content_rmc
Предупреждение: Example:a_small_project_adopts_rup: Отсутствует связанный элемент ToolMentor:developing_processes_rmc
Предупреждение: Example:a_small_project_adopts_rup: Отсутствует связанный элемент ToolMentor:publishing_method_configuration_rmc
Предупреждение: Role:rup_test_manager: IUPP0003W: Элемент не был опубликован, поскольку он недопустим в конфигурации.
Предупреждение: Role:rup_test_analyst: IUPP0003W: Элемент не был опубликован, поскольку он недопустим в конфигурации.
Предупреждение: Role:rup_tester: IUPP0003W: Элемент не был опубликован, поскольку он недопустим в конфигурации.
Предупреждение: Artifact:rup_software_architecture_document: IUPP0003W: Элемент не был опубликован, поскольку он недопустим в конфигурации.
Предупреждение: Checklist:software_architecture_document: IUPP0003W: Элемент не был опубликован, поскольку он недопустим в конфигурации.
Предупреждение: Role:rup_technical_reviewer: IUPP0003W: Элемент не был опубликован, поскольку он недопустим в конфигурации.
Предупреждение: Role:rup_test_designer: IUPP0003W: Элемент не был опубликован, поскольку он недопустим в конфигурации.
Предупреждение: Role:rup_software_architect: IUPP0003W: Элемент не был опубликован, поскольку он недопустим в конфигурации.
Предупреждение: Artifact:rup_review_record: IUPP0003W: Элемент не был опубликован, поскольку он недопустим в конфигурации.
Предупреждение: Guideline:reviews: IUPP0003W: Элемент не был опубликован, поскольку он недопустим в конфигурации.
Предупреждение: Guideline:review_levels: IUPP0003W: Элемент не был опубликован, поскольку он недопустим в конфигурации.
Предупреждение: TermDefinition:feature: IUPP0003W: Элемент не был опубликован, поскольку он недопустим в конфигурации.
Предупреждение: ToolMentor:develop_vision_tm: IUPP0003W: Элемент не был опубликован, поскольку он недопустим в конфигурации.
Предупреждение: CapabilityPattern:analysis_design_discipline: IUPP0003W: Элемент не был опубликован, поскольку он недопустим в конфигурации.
Предупреждение: CapabilityPattern:implementation: IUPP0003W: Элемент не был опубликован, поскольку он недопустим в конфигурации.
Предупреждение: CapabilityPattern:test: IUPP0003W: Элемент не был опубликован, поскольку он недопустим в конфигурации.
Предупреждение: Artifact:rup_design_model: IUPP0003W: Элемент не был опубликован, поскольку он недопустим в конфигурации.
Предупреждение: Task:manage_beta_test: IUPP0003W: Элемент не был опубликован, поскольку он недопустим в конфигурации.
Предупреждение: Task:manage_acceptance_test: IUPP0003W: Элемент не был опубликован, поскольку он недопустим в конфигурации.
Предупреждение: Activity:provide_access_to_download_site: IUPP0003W: Элемент не был опубликован, поскольку он недопустим в конфигурации.
Предупреждение: Concept:introduction_to_uma: IUPP0003W: Элемент не был опубликован, поскольку он недопустим в конфигурации.
Предупреждение: Concept:role: IUPP0003W: Элемент не был опубликован, поскольку он недопустим в конфигурации.
Предупреждение: Concept:task: IUPP0003W: Элемент не был опубликован, поскольку он недопустим в конфигурации.
Предупреждение: Concept:work_product: IUPP0003W: Элемент не был опубликован, поскольку он недопустим в конфигурации.
Предупреждение: Concept:iteration: IUPP0003W: Элемент не был опубликован, поскольку он недопустим в конфигурации.
Предупреждение: Concept:phase: IUPP0003W: Элемент не был опубликован, поскольку он недопустим в конфигурации.
Предупреждение: Activity:conceive_new_project: IUPP0003W: Элемент не был опубликован, поскольку он недопустим в конфигурации.
Предупреждение: Activity:evaluate_project_scope_and_risk: IUPP0003W: Элемент не был опубликован, поскольку он недопустим в конфигурации.
Предупреждение: Activity:plan_the_project: IUPP0003W: Элемент не был опубликован, поскольку он недопустим в конфигурации.
Предупреждение: Activity:plan_for_next_iteration: IUPP0003W: Элемент не был опубликован, поскольку он недопустим в конфигурации.
Предупреждение: Activity:manage_iteration: IUPP0003W: Элемент не был опубликован, поскольку он недопустим в конфигурации.
Предупреждение: Artifact:rup_iteration_assessment: IUPP0003W: Элемент не был опубликован, поскольку он недопустим в конфигурации.
Предупреждение: Artifact:rup_status_assessment: IUPP0003W: Элемент не был опубликован, поскольку он недопустим в конфигурации.
Предупреждение: Activity:monitor_control_project: IUPP0003W: Элемент не был опубликован, поскольку он недопустим в конфигурации.
Предупреждение: Activity:define_evaluation_mission: IUPP0003W: Элемент не был опубликован, поскольку он недопустим в конфигурации.
Предупреждение: Artifact:rup_test_strategy: IUPP0003W: Элемент не был опубликован, поскольку он недопустим в конфигурации.
Предупреждение: Activity:verify_test_approach: IUPP0003W: Элемент не был опубликован, поскольку он недопустим в конфигурации.
Предупреждение: Artifact:rup_architectural_proof_of_concept: IUPP0003W: Элемент не был опубликован, поскольку он недопустим в конфигурации.
Предупреждение: Activity:prepare_environment_for_project: IUPP0003W: Элемент не был опубликован, поскольку он недопустим в конфигурации.
Предупреждение: Activity:prepare_environment_for_an_iteration: IUPP0003W: Элемент не был опубликован, поскольку он недопустим в конфигурации.
Предупреждение: Activity:support_environment_during_an_iteration: IUPP0003W: Элемент не был опубликован, поскольку он недопустим в конфигурации.
Предупреждение: CapabilityPattern:project_management: IUPP0003W: Элемент не был опубликован, поскольку он недопустим в конфигурации.
Предупреждение: Artifact:rup_test_plan: IUPP0003W: Элемент не был опубликован, поскольку он недопустим в конфигурации.
Предупреждение: Artifact:rup_test_evaluation_summary: IUPP0003W: Элемент не был опубликован, поскольку он недопустим в конфигурации.
Предупреждение: Artifact:rup_test_environment_configuration: IUPP0003W: Элемент не был опубликован, поскольку он недопустим в конфигурации.
Предупреждение: Task:architectural_analysis: IUPP0003W: Элемент не был опубликован, поскольку он недопустим в конфигурации.
Предупреждение: Guideline:layering: IUPP0003W: Элемент не был опубликован, поскольку он недопустим в конфигурации.
Предупреждение: Guideline:design_model: IUPP0003W: Элемент не был опубликован, поскольку он недопустим в конфигурации.
Предупреждение: Concept:structured_class: IUPP0003W: Элемент не был опубликован, поскольку он недопустим в конфигурации.
Предупреждение: SupportingMaterial:differences_between_uml_1_x_and_uml_2_0: IUPP0003W: Элемент не был опубликован, поскольку он недопустим в конфигурации.
Предупреждение: TermDefinition:structured_class: IUPP0003W: Элемент не был опубликован, поскольку он недопустим в конфигурации.
Предупреждение: Concept:analysis_mechanisms: IUPP0003W: Элемент не был опубликован, поскольку он недопустим в конфигурации.
Предупреждение: Checklist:design_model: IUPP0003W: Элемент не был опубликован, поскольку он недопустим в конфигурации.
Предупреждение: Concept:component: IUPP0003W: Элемент не был опубликован, поскольку он недопустим в конфигурации.
Предупреждение: TermDefinition:stub: IUPP0003W: Элемент не был опубликован, поскольку он недопустим в конфигурации.
Предупреждение: Artifact:rup_deployment_model: IUPP0003W: Элемент не был опубликован, поскольку он недопустим в конфигурации.
Предупреждение: ToolMentor:submit_change_request_form: IUPP0003W: Элемент не был опубликован, поскольку он недопустим в конфигурации.
Предупреждение: ToolMentor:establish_cr_process: IUPP0003W: Элемент не был опубликован, поскольку он недопустим в конфигурации.
Предупреждение: ToolMentor:define_change_review_notifications: IUPP0003W: Элемент не был опубликован, поскольку он недопустим в конфигурации.
Предупреждение: ToolMentor:creating_baselines: IUPP0003W: Элемент не был опубликован, поскольку он недопустим в конфигурации.
Предупреждение: ToolMentor:view_defect_history: IUPP0003W: Элемент не был опубликован, поскольку он недопустим в конфигурации.
Предупреждение: ToolMentor:view_history_of_requirement: IUPP0003W: Элемент не был опубликован, поскольку он недопустим в конфигурации.
Предупреждение: CapabilityPattern:configuration_change_management: IUPP0003W: Элемент не был опубликован, поскольку он недопустим в конфигурации.
Предупреждение: Activity:manage_change_requests: IUPP0003W: Элемент не был опубликован, поскольку он недопустим в конфигурации.
Предупреждение: Activity:manage_baselines_releases: IUPP0003W: Элемент не был опубликован, поскольку он недопустим в конфигурации.
Предупреждение: TermDefinition:timeboxing: IUPP0003W: Элемент не был опубликован, поскольку он недопустим в конфигурации.
Предупреждение: Task:assess_iteration: IUPP0003W: Элемент не был опубликован, поскольку он недопустим в конфигурации.
Предупреждение: Concept:lifecycle_objectives: IUPP0003W: Элемент не был опубликован, поскольку он недопустим в конфигурации.
Предупреждение: Concept:lifecycle_architecture: IUPP0003W: Элемент не был опубликован, поскольку он недопустим в конфигурации.
Предупреждение: Concept:initial_operational_capability: IUPP0003W: Элемент не был опубликован, поскольку он недопустим в конфигурации.
Предупреждение: Concept:product_release: IUPP0003W: Элемент не был опубликован, поскольку он недопустим в конфигурации.
Предупреждение: Concept:delivery_process: IUPP0003W: Элемент не был опубликован, поскольку он недопустим в конфигурации.
Предупреждение: TermDefinition:green-field_development: IUPP0003W: Элемент не был опубликован, поскольку он недопустим в конфигурации.
Предупреждение: SupportingMaterial:introduction_to_rup: IUPP0003W: Элемент не был опубликован, поскольку он недопустим в конфигурации.
Предупреждение: Concept:configuration: IUPP0003W: Элемент не был опубликован, поскольку он недопустим в конфигурации.
Предупреждение: Concept:method_plugin: IUPP0003W: Элемент не был опубликован, поскольку он недопустим в конфигурации.
Предупреждение: Concept:concept: IUPP0003W: Элемент не был опубликован, поскольку он недопустим в конфигурации.
Предупреждение: Concept:guideline: IUPP0003W: Элемент не был опубликован, поскольку он недопустим в конфигурации.
Предупреждение: Concept:template: IUPP0003W: Элемент не был опубликован, поскольку он недопустим в конфигурации.
Предупреждение: Concept:example: IUPP0003W: Элемент не был опубликован, поскольку он недопустим в конфигурации.
Предупреждение: Concept:tool_mentor: IUPP0003W: Элемент не был опубликован, поскольку он недопустим в конфигурации.
Предупреждение: Concept:capability_pattern: IUPP0003W: Элемент не был опубликован, поскольку он недопустим в конфигурации.
Предупреждение: ToolMentor:exporting_processes_rmc: IUPP0003W: Элемент не был опубликован, поскольку он недопустим в конфигурации.
Предупреждение: ToolMentor:personalizing_rup: IUPP0003W: Элемент не был опубликован, поскольку он недопустим в конфигурации.
Предупреждение: ToolMentor:creating_method_configuration_rmc: IUPP0003W: Элемент не был опубликован, поскольку он недопустим в конфигурации.
Предупреждение: ToolMentor:publishing_method_configuration_rmc: IUPP0003W: Элемент не был опубликован, поскольку он недопустим в конфигурации.
Предупреждение: ToolMentor:creating_method_plugin_rmc: IUPP0003W: Элемент не был опубликован, поскольку он недопустим в конфигурации.
Предупреждение: ToolMentor:developing_method_content_rmc: IUPP0003W: Элемент не был опубликован, поскольку он недопустим в конфигурации.
Предупреждение: ToolMentor:developing_processes_rmc: IUPP0003W: Элемент не был опубликован, поскольку он недопустим в конфигурации.
Предупреждение: SupportingMaterial:process_essentials: IUPP0003W: Элемент не был опубликован, поскольку он недопустим в конфигурации.
Предупреждение: Concept:agile_practices_and_rup: IUPP0003W: Элемент не был опубликован, поскольку он недопустим в конфигурации.
Предупреждение: Whitepaper:using_the_rup_for_small_projects_expanding_upon_extreme_programming: IUPP0003W: Элемент не был опубликован, поскольку он недопустим в конфигурации.
Предупреждение: Concept:role_set: IUPP0003W: Элемент не был опубликован, поскольку он недопустим в конфигурации.
Предупреждение: Concept:metrics: IUPP0003W: Элемент не был опубликован, поскольку он недопустим в конфигурации.
Предупреждение: TermDefinition:design_package: Отсутствует связанный элемент TermDefinition:class
Предупреждение: TermDefinition:design_package: Отсутствует связанный элемент TermDefinition:relationship
Предупреждение: TermDefinition:design_package: Отсутствует связанный элемент TermDefinition:use-case_realization
Предупреждение: TermDefinition:design_package: Отсутствует связанный элемент TermDefinition:diagram
Предупреждение: TermDefinition:design_package: Отсутствует связанный элемент TermDefinition:package
Предупреждение: TermDefinition:design_package: Отсутствует связанный элемент TermDefinition:implementation_subsystem
Предупреждение: TermDefinition:implementation_view: IUPP0003W: Элемент не был опубликован, поскольку он недопустим в конфигурации.
Предупреждение: CapabilityPattern:requirements: IUPP0003W: Элемент не был опубликован, поскольку он недопустим в конфигурации.
Предупреждение: Concept:focus_continuously_quality: IUPP0003W: Элемент не был опубликован, поскольку он недопустим в конфигурации.
Предупреждение: Concept:measuring_quality: IUPP0003W: Элемент не был опубликован, поскольку он недопустим в конфигурации.
Предупреждение: Concept:product_quality: IUPP0003W: Элемент не был опубликован, поскольку он недопустим в конфигурации.
Предупреждение: TermDefinition:design_mechanism: Отсутствует связанный элемент TermDefinition:architectural_mechanism
Предупреждение: TermDefinition:design_mechanism: Отсутствует связанный элемент TermDefinition:analysis_mechanism
Предупреждение: TermDefinition:design_mechanism: Отсутствует связанный элемент TermDefinition:implementation_mechanism
Предупреждение: TermDefinition:analysis_mechanism: IUPP0003W: Элемент не был опубликован, поскольку он недопустим в конфигурации.
Предупреждение: TermDefinition:architectural_pattern: IUPP0003W: Элемент не был опубликован, поскольку он недопустим в конфигурации.
Предупреждение: TermDefinition:implementation_mechanism: IUPP0003W: Элемент не был опубликован, поскольку он недопустим в конфигурации.
Предупреждение: TermDefinition:idiom: IUPP0003W: Элемент не был опубликован, поскольку он недопустим в конфигурации.
Предупреждение: Concept:software_architecture: IUPP0003W: Элемент не был опубликован, поскольку он недопустим в конфигурации.
Предупреждение: Concept:logical_view: IUPP0003W: Элемент не был опубликован, поскольку он недопустим в конфигурации.
Предупреждение: Concept:process_view: IUPP0003W: Элемент не был опубликован, поскольку он недопустим в конфигурации.
Предупреждение: Concept:deployment_view: IUPP0003W: Элемент не был опубликован, поскольку он недопустим в конфигурации.
Предупреждение: Concept:implementation_view: IUPP0003W: Элемент не был опубликован, поскольку он недопустим в конфигурации.
Предупреждение: Guideline:maintaining_automated_test_suites: IUPP0003W: Элемент не был опубликован, поскольку он недопустим в конфигурации.
Предупреждение: Concept:test-ideas_list: IUPP0003W: Элемент не был опубликован, поскольку он недопустим в конфигурации.
Предупреждение: Guideline:test_ideas_for_statechart_and_flow_diagrams: IUPP0003W: Элемент не был опубликован, поскольку он недопустим в конфигурации.
Предупреждение: Report:use-case_model_survey: IUPP0003W: Элемент не был опубликован, поскольку он недопустим в конфигурации.
Предупреждение: Report:use_case_specification_use-case_name: IUPP0003W: Элемент не был опубликован, поскольку он недопустим в конфигурации.
Предупреждение: Artifact:rup_workload_analysis_model: IUPP0003W: Элемент не был опубликован, поскольку он недопустим в конфигурации.
Предупреждение: Report:design-model_survey: IUPP0003W: Элемент не был опубликован, поскольку он недопустим в конфигурации.
Предупреждение: Artifact:rup_test_suite: IUPP0003W: Элемент не был опубликован, поскольку он недопустим в конфигурации.
Предупреждение: Artifact:rup_test_case: IUPP0003W: Элемент не был опубликован, поскольку он недопустим в конфигурации.
Предупреждение: Artifact:rup_test_script: IUPP0003W: Элемент не был опубликован, поскольку он недопустим в конфигурации.
Предупреждение: Artifact:rup_test_data: IUPP0003W: Элемент не был опубликован, поскольку он недопустим в конфигурации.
Предупреждение: Artifact:rup_test_results: IUPP0003W: Элемент не был опубликован, поскольку он недопустим в конфигурации.
Предупреждение: Report:use-case_realization_use-case_name: IUPP0003W: Элемент не был опубликован, поскольку он недопустим в конфигурации.
Предупреждение: Guideline:test_data: IUPP0003W: Элемент не был опубликован, поскольку он недопустим в конфигурации.
Предупреждение: TermDefinition:requirements: IUPP0003W: Элемент не был опубликован, поскольку он недопустим в конфигурации.
Предупреждение: TermDefinition:traceability_item: IUPP0003W: Элемент не был опубликован, поскольку он недопустим в конфигурации.
Предупреждение: Artifact:rup_supplementary_specification: IUPP0003W: Элемент не был опубликован, поскольку он недопустим в конфигурации.
Предупреждение: Activity:analyze_the_problem: IUPP0003W: Элемент не был опубликован, поскольку он недопустим в конфигурации.
Предупреждение: Activity:understand_stakeholder_needs: IUPP0003W: Элемент не был опубликован, поскольку он недопустим в конфигурации.
Предупреждение: Activity:define_the_system: IUPP0003W: Элемент не был опубликован, поскольку он недопустим в конфигурации.
Предупреждение: Activity:manage_the_scope_of_the_system: IUPP0003W: Элемент не был опубликован, поскольку он недопустим в конфигурации.
Предупреждение: Activity:refine_the_system_definition: IUPP0003W: Элемент не был опубликован, поскольку он недопустим в конфигурации.
Предупреждение: Whitepaper:modeling_web_application_architectures_with_uml: IUPP0003W: Элемент не был опубликован, поскольку он недопустим в конфигурации.
Предупреждение: Concept:layering: IUPP0003W: Элемент не был опубликован, поскольку он недопустим в конфигурации.
Предупреждение: ToolMentor:baseline_requirements: IUPP0003W: Элемент не был опубликован, поскольку он недопустим в конфигурации.
Предупреждение: TermDefinition:design_subsystem: Отсутствует связанный элемент TermDefinition:model_element
Предупреждение: TermDefinition:design_subsystem: Отсутствует связанный элемент TermDefinition:interface
Предупреждение: TermDefinition:reception: IUPP0003W: Элемент не был опубликован, поскольку он недопустим в конфигурации.
Предупреждение: TermDefinition:utility: IUPP0003W: Элемент не был опубликован, поскольку он недопустим в конфигурации.
Предупреждение: TermDefinition:package: IUPP0003W: Элемент не был опубликован, поскольку он недопустим в конфигурации.
Предупреждение: Concept:types_of_test: IUPP0003W: Элемент не был опубликован, поскольку он недопустим в конфигурации.
Предупреждение: Concept:test-ideas_catalog: IUPP0003W: Элемент не был опубликован, поскольку он недопустим в конфигурации.
Предупреждение: Guideline:test_ideas_for_method_calls: IUPP0003W: Элемент не был опубликован, поскольку он недопустим в конфигурации.
Предупреждение: Guideline:test_ideas_for_booleans_and_boundaries: IUPP0003W: Элемент не был опубликован, поскольку он недопустим в конфигурации.
Предупреждение: Guideline:test_ideas_for_booleans_ands_and_ors: IUPP0003W: Элемент не был опубликован, поскольку он недопустим в конфигурации.
Предупреждение: TermDefinition:class: IUPP0003W: Элемент не был опубликован, поскольку он недопустим в конфигурации.
Предупреждение: TermDefinition:relationship: IUPP0003W: Элемент не был опубликован, поскольку он недопустим в конфигурации.
Предупреждение: TermDefinition:use-case_realization: IUPP0003W: Элемент не был опубликован, поскольку он недопустим в конфигурации.
Предупреждение: TermDefinition:diagram: IUPP0003W: Элемент не был опубликован, поскольку он недопустим в конфигурации.
Предупреждение: TermDefinition:design_model: Отсутствует связанный элемент TermDefinition:object_model
Предупреждение: TermDefinition:design_model: Отсутствует связанный элемент TermDefinition:use-case_class
Предупреждение: TermDefinition:design_model: Отсутствует связанный элемент TermDefinition:implementation_model
Предупреждение: TermDefinition:implementation_subsystem: IUPP0003W: Элемент не был опубликован, поскольку он недопустим в конфигурации.
Предупреждение: TermDefinition:architectural_mechanism: IUPP0003W: Элемент не был опубликован, поскольку он недопустим в конфигурации.
Предупреждение: TermDefinition:model_element: IUPP0003W: Элемент не был опубликован, поскольку он недопустим в конфигурации.
Предупреждение: TermDefinition:interface: IUPP0003W: Элемент не был опубликован, поскольку он недопустим в конфигурации.
Предупреждение: TermDefinition:object_model: IUPP0003W: Элемент не был опубликован, поскольку он недопустим в конфигурации.
Предупреждение: TermDefinition:use-case_class: IUPP0003W: Элемент не был опубликован, поскольку он недопустим в конфигурации.
Предупреждение: TermDefinition:implementation_model: IUPP0003W: Элемент не был опубликован, поскольку он недопустим в конфигурации.
